#
# There is insufficient memory for the Java Runtime Environment to continue.
# Native memory allocation (malloc) failed to allocate 32744 bytes for ChunkPool::allocate
# Possible reasons:
#   The system is out of physical RAM or swap space
#   In 32 bit mode, the process size limit was hit
# Possible solutions:
#   Reduce memory load on the system
#   Increase physical memory or swap space
#   Check if swap backing store is full
#   Use 64 bit Java on a 64 bit OS
#   Decrease Java heap size (-Xmx/-Xms)
#   Decrease number of Java threads
#   Decrease Java thread stack sizes (-Xss)
#   Set larger code cache with -XX:ReservedCodeCacheSize=
# This output file may be truncated or incomplete.
#
#  Out of Memory Error (allocation.cpp:273), pid=16128, tid=0x0000000000002e24
#
# JRE version: OpenJDK Runtime Environment (8.0_152-b02) (build 1.8.0_152-release-1024-b02)
# Java VM: OpenJDK 64-Bit Server VM (25.152-b02 mixed mode windows-amd64 compressed oops)
# Failed to write core dump. Minidumps are not enabled by default on client versions of Windows
#

---------------  T H R E A D  ---------------

Current thread (0x0000000012b93800):  JavaThread "C2 CompilerThread0" daemon [_thread_in_native, id=11812, stack(0x0000000014200000,0x0000000014300000)]

Stack: [0x0000000014200000,0x0000000014300000]
[error occurred during error reporting (printing stack bounds), id 0xc0000005]

Native frames: (J=compiled Java code, j=interpreted, Vv=VM code, C=native code)


Current CompileTask:
C2:   5358 1023       4       org.objectweb.asm.ClassReader::readCode (3575 bytes)


---------------  P R O C E S S  ---------------

Java Threads: ( => current thread )
  0x0000000014413000 JavaThread "Service Thread" daemon [_thread_blocked, id=16368, stack(0x0000000014900000,0x0000000014a00000)]
  0x0000000014410800 JavaThread "C1 CompilerThread2" daemon [_thread_in_native, id=3552, stack(0x0000000014800000,0x0000000014900000)]
  0x0000000012bbc000 JavaThread "C2 CompilerThread1" daemon [_thread_blocked, id=6616, stack(0x0000000014300000,0x0000000014400000)]
=>0x0000000012b93800 JavaThread "C2 CompilerThread0" daemon [_thread_in_native, id=11812, stack(0x0000000014200000,0x0000000014300000)]
  0x0000000012b90000 JavaThread "Attach Listener" daemon [_thread_blocked, id=7224, stack(0x0000000014100000,0x0000000014200000)]
  0x0000000012b8f000 JavaThread "Signal Dispatcher" daemon [_thread_blocked, id=4380, stack(0x0000000014000000,0x0000000014100000)]
  0x000000000282c000 JavaThread "Finalizer" daemon [_thread_blocked, id=9440, stack(0x0000000013df0000,0x0000000013ef0000)]
  0x0000000002826800 JavaThread "Reference Handler" daemon [_thread_blocked, id=11840, stack(0x0000000013cf0000,0x0000000013df0000)]
  0x0000000002736000 JavaThread "main" [_thread_in_vm, id=864, stack(0x0000000002630000,0x0000000002730000)]

Other Threads:
  0x0000000012b55000 VMThread [stack: 0x0000000013bf0000,0x0000000013cf0000] [id=14052]
  0x0000000014414000 WatcherThread [stack: 0x0000000014a00000,0x0000000014b00000] [id=14748]

VM state:not at safepoint (normal execution)

VM Mutex/Monitor currently owned by a thread: None

Heap:
 PSYoungGen      total 18944K, used 8872K [0x00000000feb00000, 0x0000000100000000, 0x0000000100000000)
  eden space 16384K, 38% used [0x00000000feb00000,0x00000000ff12f770,0x00000000ffb00000)
  from space 2560K, 99% used [0x00000000ffd80000,0x00000000ffffac38,0x0000000100000000)
  to   space 2560K, 0% used [0x00000000ffb00000,0x00000000ffb00000,0x00000000ffd80000)
 ParOldGen       total 44032K, used 5166K [0x00000000fc000000, 0x00000000feb00000, 0x00000000feb00000)
  object space 44032K, 11% used [0x00000000fc000000,0x00000000fc50b820,0x00000000feb00000)
 Metaspace       used 8225K, capacity 8532K, committed 8832K, reserved 1056768K
  class space    used 945K, capacity 1042K, committed 1152K, reserved 1048576K

Card table byte_map: [0x0000000002580000,0x00000000025b0000] byte_map_base: 0x0000000001da0000

Marking Bits: (ParMarkBitMap*) 0x0000000074e74970
 Begin Bits: [0x0000000011ff0000, 0x00000000120f0000)
 End Bits:   [0x00000000120f0000, 0x00000000121f0000)

Polling page: 0x0000000002530000

CodeCache: size=245760Kb used=3772Kb max_used=3772Kb free=241987Kb
 bounds [0x0000000002830000, 0x0000000002bf0000, 0x0000000011830000]
 total_blobs=1362 nmethods=1029 adapters=246
 compilation: enabled

Compilation events (10 events):
Event: 5.323 Thread 0x0000000014410800 nmethod 1026 0x0000000002bd94d0 code [0x0000000002bd9900, 0x0000000002bdbc68]
Event: 5.323 Thread 0x0000000014410800 1028       3       org.objectweb.asm.MethodWriter::visitLocalVariable (223 bytes)
Event: 5.325 Thread 0x0000000014410800 nmethod 1028 0x0000000002bdda90 code [0x0000000002bddd40, 0x0000000002bdeaa8]
Event: 5.325 Thread 0x0000000014410800 1030       3       org.objectweb.asm.MethodWriter::<init> (247 bytes)
Event: 5.326 Thread 0x0000000014410800 nmethod 1030 0x0000000002bdf550 code [0x0000000002bdf780, 0x0000000002be0368]
Event: 5.326 Thread 0x0000000014410800 1029       3       org.objectweb.asm.MethodWriter::noSuccessor (95 bytes)
Event: 5.327 Thread 0x0000000014410800 nmethod 1029 0x0000000002be0a50 code [0x0000000002be0be0, 0x0000000002be1108]
Event: 5.327 Thread 0x0000000014410800 1027       3       org.objectweb.asm.MethodWriter::visitEnd (1 bytes)
Event: 5.327 Thread 0x0000000014410800 nmethod 1027 0x0000000002be1350 code [0x0000000002be14a0, 0x0000000002be15f0]
Event: 5.327 Thread 0x0000000014410800 1032       3       org.objectweb.asm.MethodWriter::getSize (864 bytes)

GC Heap History (4 events):
Event: 2.516 GC heap before
{Heap before GC invocations=1 (full 0):
 PSYoungGen      total 18944K, used 16384K [0x00000000feb00000, 0x0000000100000000, 0x0000000100000000)
  eden space 16384K, 100% used [0x00000000feb00000,0x00000000ffb00000,0x00000000ffb00000)
  from space 2560K, 0% used [0x00000000ffd80000,0x00000000ffd80000,0x0000000100000000)
  to   space 2560K, 0% used [0x00000000ffb00000,0x00000000ffb00000,0x00000000ffd80000)
 ParOldGen       total 44032K, used 0K [0x00000000fc000000, 0x00000000feb00000, 0x00000000feb00000)
  object space 44032K, 0% used [0x00000000fc000000,0x00000000fc000000,0x00000000feb00000)
 Metaspace       used 7213K, capacity 7446K, committed 7680K, reserved 1056768K
  class space    used 855K, capacity 939K, committed 1024K, reserved 1048576K
Event: 2.527 GC heap after
Heap after GC invocations=1 (full 0):
 PSYoungGen      total 18944K, used 2544K [0x00000000feb00000, 0x0000000100000000, 0x0000000100000000)
  eden space 16384K, 0% used [0x00000000feb00000,0x00000000feb00000,0x00000000ffb00000)
  from space 2560K, 99% used [0x00000000ffb00000,0x00000000ffd7c020,0x00000000ffd80000)
  to   space 2560K, 0% used [0x00000000ffd80000,0x00000000ffd80000,0x0000000100000000)
 ParOldGen       total 44032K, used 1319K [0x00000000fc000000, 0x00000000feb00000, 0x00000000feb00000)
  object space 44032K, 2% used [0x00000000fc000000,0x00000000fc149ef0,0x00000000feb00000)
 Metaspace       used 7213K, capacity 7446K, committed 7680K, reserved 1056768K
  class space    used 855K, capacity 939K, committed 1024K, reserved 1048576K
}
Event: 3.740 GC heap before
{Heap before GC invocations=2 (full 0):
 PSYoungGen      total 18944K, used 18928K [0x00000000feb00000, 0x0000000100000000, 0x0000000100000000)
  eden space 16384K, 100% used [0x00000000feb00000,0x00000000ffb00000,0x00000000ffb00000)
  from space 2560K, 99% used [0x00000000ffb00000,0x00000000ffd7c020,0x00000000ffd80000)
  to   space 2560K, 0% used [0x00000000ffd80000,0x00000000ffd80000,0x0000000100000000)
 ParOldGen       total 44032K, used 1319K [0x00000000fc000000, 0x00000000feb00000, 0x00000000feb00000)
  object space 44032K, 2% used [0x00000000fc000000,0x00000000fc149ef0,0x00000000feb00000)
 Metaspace       used 7990K, capacity 8324K, committed 8576K, reserved 1056768K
  class space    used 939K, capacity 1038K, committed 1152K, reserved 1048576K
Event: 3.749 GC heap after
Heap after GC invocations=2 (full 0):
 PSYoungGen      total 18944K, used 2539K [0x00000000feb00000, 0x0000000100000000, 0x0000000100000000)
  eden space 16384K, 0% used [0x00000000feb00000,0x00000000feb00000,0x00000000ffb00000)
  from space 2560K, 99% used [0x00000000ffd80000,0x00000000ffffac38,0x0000000100000000)
  to   space 2560K, 0% used [0x00000000ffb00000,0x00000000ffb00000,0x00000000ffd80000)
 ParOldGen       total 44032K, used 5166K [0x00000000fc000000, 0x00000000feb00000, 0x00000000feb00000)
  object space 44032K, 11% used [0x00000000fc000000,0x00000000fc50b820,0x00000000feb00000)
 Metaspace       used 7990K, capacity 8324K, committed 8576K, reserved 1056768K
  class space    used 939K, capacity 1038K, committed 1152K, reserved 1048576K
}

Deoptimization events (10 events):
Event: 3.336 Thread 0x0000000002736000 Uncommon trap: reason=class_check action=maybe_recompile pc=0x0000000002a7656c method=com.google.common.collect.TransformedIterator.hasNext()Z @ 4
Event: 3.336 Thread 0x0000000002736000 Uncommon trap: reason=class_check action=maybe_recompile pc=0x0000000002a7656c method=com.google.common.collect.TransformedIterator.hasNext()Z @ 4
Event: 3.336 Thread 0x0000000002736000 Uncommon trap: reason=class_check action=maybe_recompile pc=0x0000000002a8c230 method=com.google.common.collect.TransformedIterator.next()Ljava/lang/Object; @ 5
Event: 3.336 Thread 0x0000000002736000 Uncommon trap: reason=class_check action=maybe_recompile pc=0x0000000002a68a90 method=com.google.common.collect.Iterators$7.transform(Ljava/lang/Object;)Ljava/lang/Object; @ 5
Event: 3.336 Thread 0x0000000002736000 Uncommon trap: reason=class_check action=maybe_recompile pc=0x0000000002a7656c method=com.google.common.collect.TransformedIterator.hasNext()Z @ 4
Event: 3.336 Thread 0x0000000002736000 Uncommon trap: reason=class_check action=maybe_recompile pc=0x0000000002a8c230 method=com.google.common.collect.TransformedIterator.next()Ljava/lang/Object; @ 5
Event: 3.336 Thread 0x0000000002736000 Uncommon trap: reason=class_check action=maybe_recompile pc=0x0000000002a68a90 method=com.google.common.collect.Iterators$7.transform(Ljava/lang/Object;)Ljava/lang/Object; @ 5
Event: 3.336 Thread 0x0000000002736000 Uncommon trap: reason=class_check action=maybe_recompile pc=0x0000000002a8c230 method=com.google.common.collect.TransformedIterator.next()Ljava/lang/Object; @ 5
Event: 3.336 Thread 0x0000000002736000 Uncommon trap: reason=class_check action=maybe_recompile pc=0x0000000002a68a90 method=com.google.common.collect.Iterators$7.transform(Ljava/lang/Object;)Ljava/lang/Object; @ 5
Event: 5.298 Thread 0x0000000002736000 Uncommon trap: reason=unloaded action=reinterpret pc=0x0000000002bb0d78 method=org.objectweb.asm.ClassReader.readConst(I[C)Ljava/lang/Object; @ 241

Classes redefined (0 events):
No events

Internal exceptions (10 events):
Event: 5.284 Thread 0x0000000002736000 Exception <a 'sun/nio/fs/WindowsException'> (0x00000000ff041420) thrown at [D:\src\AOSP-openjdk-cygwin\jdk8u\hotspot\src\share\vm\prims\jni.cpp, line 709]
Event: 5.287 Thread 0x0000000002736000 Exception <a 'sun/nio/fs/WindowsException'> (0x00000000ff044840) thrown at [D:\src\AOSP-openjdk-cygwin\jdk8u\hotspot\src\share\vm\prims\jni.cpp, line 709]
Event: 5.291 Thread 0x0000000002736000 Exception <a 'sun/nio/fs/WindowsException'> (0x00000000ff049e48) thrown at [D:\src\AOSP-openjdk-cygwin\jdk8u\hotspot\src\share\vm\prims\jni.cpp, line 709]
Event: 5.291 Thread 0x0000000002736000 Exception <a 'sun/nio/fs/WindowsException'> (0x00000000ff04a550) thrown at [D:\src\AOSP-openjdk-cygwin\jdk8u\hotspot\src\share\vm\prims\jni.cpp, line 709]
Event: 5.291 Thread 0x0000000002736000 Exception <a 'sun/nio/fs/WindowsException'> (0x00000000ff04ad80) thrown at [D:\src\AOSP-openjdk-cygwin\jdk8u\hotspot\src\share\vm\prims\jni.cpp, line 709]
Event: 5.291 Thread 0x0000000002736000 Exception <a 'sun/nio/fs/WindowsException'> (0x00000000ff04b390) thrown at [D:\src\AOSP-openjdk-cygwin\jdk8u\hotspot\src\share\vm\prims\jni.cpp, line 709]
Event: 5.291 Thread 0x0000000002736000 Exception <a 'sun/nio/fs/WindowsException'> (0x00000000ff04ba10) thrown at [D:\src\AOSP-openjdk-cygwin\jdk8u\hotspot\src\share\vm\prims\jni.cpp, line 709]
Event: 5.292 Thread 0x0000000002736000 Exception <a 'sun/nio/fs/WindowsException'> (0x00000000ff04c220) thrown at [D:\src\AOSP-openjdk-cygwin\jdk8u\hotspot\src\share\vm\prims\jni.cpp, line 709]
Event: 5.292 Thread 0x0000000002736000 Exception <a 'sun/nio/fs/WindowsException'> (0x00000000ff04c888) thrown at [D:\src\AOSP-openjdk-cygwin\jdk8u\hotspot\src\share\vm\prims\jni.cpp, line 709]
Event: 5.292 Thread 0x0000000002736000 Exception <a 'sun/nio/fs/WindowsException'> (0x00000000ff04d078) thrown at [D:\src\AOSP-openjdk-cygwin\jdk8u\hotspot\src\share\vm\prims\jni.cpp, line 709]

Events (10 events):
Event: 5.299 loading class com/google/devtools/build/android/desugar/AutoValue_MethodInfo
Event: 5.299 loading class com/google/devtools/build/android/desugar/AutoValue_MethodInfo done
Event: 5.301 loading class com/google/devtools/build/android/desugar/LambdaDesugaring$InvokedynamicRewriter
Event: 5.301 loading class com/google/devtools/build/android/desugar/LambdaDesugaring$InvokedynamicRewriter done
Event: 5.304 loading class org/objectweb/asm/tree/LocalVariableNode
Event: 5.304 loading class org/objectweb/asm/tree/LocalVariableNode done
Event: 5.307 loading class com/google/devtools/build/android/desugar/HeaderClassLoader$InterfaceInitializerEraser
Event: 5.307 loading class com/google/devtools/build/android/desugar/HeaderClassLoader$InterfaceInitializerEraser done
Event: 5.308 loading class com/google/devtools/build/android/desugar/HeaderClassLoader$BodyStubber
Event: 5.308 loading class com/google/devtools/build/android/desugar/HeaderClassLoader$BodyStubber done


Dynamic libraries:
0x00007ff702780000 - 0x00007ff7027b1000 	C:\Program Files\Android\Android Studio\jre\bin\java.exe
0x00007fff1ecd0000 - 0x00007fff1eeb1000 	C:\WINDOWS\SYSTEM32\ntdll.dll
0x00007fff1e330000 - 0x00007fff1e3e2000 	C:\WINDOWS\System32\KERNEL32.DLL
0x00007fff1bd10000 - 0x00007fff1bf83000 	C:\WINDOWS\System32\KERNELBASE.dll
0x00007fff1ebf0000 - 0x00007fff1ec91000 	C:\WINDOWS\System32\ADVAPI32.dll
0x00007fff1e290000 - 0x00007fff1e32e000 	C:\WINDOWS\System32\msvcrt.dll
0x00007fff1e230000 - 0x00007fff1e28b000 	C:\WINDOWS\System32\sechost.dll
0x00007fff1e660000 - 0x00007fff1e784000 	C:\WINDOWS\System32\RPCRT4.dll
0x00007fff1e3f0000 - 0x00007fff1e580000 	C:\WINDOWS\System32\USER32.dll
0x00007fff1c0e0000 - 0x00007fff1c100000 	C:\WINDOWS\System32\win32u.dll
0x00007fff1dce0000 - 0x00007fff1dd08000 	C:\WINDOWS\System32\GDI32.dll
0x00007fff1b0a0000 - 0x00007fff1b232000 	C:\WINDOWS\System32\gdi32full.dll
0x00007fff1b430000 - 0x00007fff1b4cf000 	C:\WINDOWS\System32\msvcp_win.dll
0x00007fff1bfe0000 - 0x00007fff1c0da000 	C:\WINDOWS\System32\ucrtbase.dll
0x00007ffeff430000 - 0x00007ffeff699000 	C:\WINDOWS\WinSxS\amd64_microsoft.windows.common-controls_6595b64144ccf1df_6.0.17134.285_none_fb4297e330656775\COMCTL32.dll
0x00007fff1df00000 - 0x00007fff1e223000 	C:\WINDOWS\System32\combase.dll
0x00007fff1bc90000 - 0x00007fff1bd0a000 	C:\WINDOWS\System32\bcryptPrimitives.dll
0x00007fff1da10000 - 0x00007fff1da3d000 	C:\WINDOWS\System32\IMM32.DLL
0x0000000076970000 - 0x0000000076a42000 	C:\Program Files\Android\Android Studio\jre\jre\bin\msvcr100.dll
0x00000000746b0000 - 0x0000000074eef000 	C:\Program Files\Android\Android Studio\jre\jre\bin\server\jvm.dll
0x00007fff1e580000 - 0x00007fff1e588000 	C:\WINDOWS\System32\PSAPI.DLL
0x00007ffeff6c0000 - 0x00007ffeff6c9000 	C:\WINDOWS\SYSTEM32\WSOCK32.dll
0x00007fff1de90000 - 0x00007fff1defc000 	C:\WINDOWS\System32\WS2_32.dll
0x00007fff18f00000 - 0x00007fff18f23000 	C:\WINDOWS\SYSTEM32\WINMM.dll
0x00007fff0feb0000 - 0x00007fff0feba000 	C:\WINDOWS\SYSTEM32\VERSION.dll
0x00007fff18d60000 - 0x00007fff18d8a000 	C:\WINDOWS\SYSTEM32\winmmbase.dll
0x00007fff1bf90000 - 0x00007fff1bfd9000 	C:\WINDOWS\System32\cfgmgr32.dll
0x00007fff16100000 - 0x00007fff1610f000 	C:\Program Files\Android\Android Studio\jre\jre\bin\verify.dll
0x00007fff0a140000 - 0x00007fff0a169000 	C:\Program Files\Android\Android Studio\jre\jre\bin\java.dll
0x00007fff0e3b0000 - 0x00007fff0e3c6000 	C:\Program Files\Android\Android Studio\jre\jre\bin\zip.dll
0x00007fff1c4e0000 - 0x00007fff1d920000 	C:\WINDOWS\System32\SHELL32.dll
0x00007fff1dd20000 - 0x00007fff1ddc9000 	C:\WINDOWS\System32\shcore.dll
0x00007fff1b580000 - 0x00007fff1bc8d000 	C:\WINDOWS\System32\windows.storage.dll
0x00007fff1dbc0000 - 0x00007fff1dc11000 	C:\WINDOWS\System32\shlwapi.dll
0x00007fff1b080000 - 0x00007fff1b091000 	C:\WINDOWS\System32\kernel.appcore.dll
0x00007fff1b060000 - 0x00007fff1b07f000 	C:\WINDOWS\System32\profapi.dll
0x00007fff1b000000 - 0x00007fff1b04c000 	C:\WINDOWS\System32\powrprof.dll
0x00007fff1b050000 - 0x00007fff1b05a000 	C:\WINDOWS\System32\FLTLIB.DLL
0x00007fff1a9c0000 - 0x00007fff1a9d7000 	C:\WINDOWS\SYSTEM32\CRYPTSP.dll
0x00007fff1a3a0000 - 0x00007fff1a3d3000 	C:\WINDOWS\system32\rsaenh.dll
0x00007fff1aac0000 - 0x00007fff1aae5000 	C:\WINDOWS\SYSTEM32\bcrypt.dll
0x00007fff1aee0000 - 0x00007fff1af08000 	C:\WINDOWS\SYSTEM32\USERENV.dll
0x00007fff1a910000 - 0x00007fff1a91b000 	C:\WINDOWS\SYSTEM32\CRYPTBASE.dll
0x00007fff0de40000 - 0x00007fff0de5a000 	C:\Program Files\Android\Android Studio\jre\jre\bin\net.dll
0x00007fff1a7b0000 - 0x00007fff1a816000 	C:\WINDOWS\system32\mswsock.dll
0x00007fff1a540000 - 0x00007fff1a578000 	C:\WINDOWS\SYSTEM32\IPHLPAPI.DLL
0x00007fff1e790000 - 0x00007fff1e798000 	C:\WINDOWS\System32\NSI.dll
0x00007fff108d0000 - 0x00007fff108e6000 	C:\WINDOWS\SYSTEM32\dhcpcsvc6.DLL
0x00007fff10c90000 - 0x00007fff10caa000 	C:\WINDOWS\SYSTEM32\dhcpcsvc.DLL
0x00007fff0a0f0000 - 0x00007fff0a101000 	C:\Program Files\Android\Android Studio\jre\jre\bin\nio.dll

VM Arguments:
jvm_args: -Djava.awt.headless=true -Xmx64M -Dfile.encoding=windows-1252 -Duser.country=ES -Duser.language=es -Duser.variant 
java_command: com.google.devtools.build.android.desugar.Desugar --verbose --input C:\Projects\TripPlusPlus\app\build\intermediates\classes\debug --output C:\Projects\TripPlusPlus\app\build\intermediates\transforms\desugar\debug\0 --classpath_entry C:\Projects\TripPlusPlus\app\build\intermediates\classes\debug --classpath_entry C:\Projects\TripPlusPlus\app\build\intermediates\transforms\stackFramesFixer\debug\30.jar --classpath_entry C:\Projects\TripPlusPlus\app\build\intermediates\transforms\stackFramesFixer\debug\22.jar --classpath_entry C:\Projects\TripPlusPlus\app\build\intermediates\transforms\stackFramesFixer\debug\48.jar --classpath_entry C:\Projects\TripPlusPlus\app\build\intermediates\transforms\stackFramesFixer\debug\13.jar --classpath_entry C:\Projects\TripPlusPlus\app\build\intermediates\transforms\stackFramesFixer\debug\7.jar --classpath_entry C:\Projects\TripPlusPlus\app\build\intermediates\transforms\stackFramesFixer\debug\47.jar --classpath_entry C:\Projects\TripPlusPlus\app\build\intermediates\transforms\stackFramesFixer\debug\21.jar --classpath_entry C:\Projects\TripPlusPlus\app\build\intermediates\transforms\stackFramesFixer\debug\38.jar --classpath_entry C:\Projects\TripPlusPlus\app\build\intermediates\transforms\stackFramesFixer\debug\12.jar --classpath_entry C:\Projects\TripPlusPlus\app\build\intermediates\transforms\stackFramesFixer\debug\6.jar --classpath_entry C:\Projects\TripPlusPlus\app\build\intermediates\transforms\stackFramesFixer\debug\11.jar --classpath_entry C:\Projects\TripPlusPlus\app\build\intermediates\transforms\stackFramesFixer\debug\41.jar --classpath_entry C:\Projects\TripPlusPlus\app\build\intermediates\transforms\stackFramesFixer\debug\0.jar --classpath_entry C:\Projects\TripPlusPlus\app\build\intermediates\transforms\stackFramesFixer\debug\24.jar --classpath_entry C:\Projects\TripPlusPlus\app\build\intermediates\transforms\stackFramesFixer\debug\37.jar --classpath_entry C:\Projects\TripPlusPlus\app\build\intermediates\tra
java_class_path (initial): C:\Users\Lino P\AppData\Local\Temp\desugar_deploy.jar5190735976828732647
Launcher Type: SUN_STANDARD

Environment Variables:
JAVA_HOME=C:\Program Files\Java\jdk1.8.0_181
CLASSPATH=C:\javalibs\db-derby-10.14.2.0-bin\lib\derby.jar;C:\javalibs\db-derby-10.14.2.0-bin\lib\derbytools.jar;C:\javalibs\junit_4\junit-4.10.jar;C:\javalibs\princeton_algorithms\algs4.jar;C:\javalibs\poi-bin-3.17-20170915\poi-3.17\poi-3.17.jar;
USERNAME=Lino P
OS=Windows_NT
PROCESSOR_IDENTIFIER=Intel64 Family 6 Model 58 Stepping 9, GenuineIntel



---------------  S Y S T E M  ---------------

OS: Windows 10.0 , 64 bit Build 17134 (10.0.17134.1)

CPU:total 4 (initial active 4) (2 cores per cpu, 2 threads per core) family 6 model 58 stepping 9, cmov, cx8, fxsr, mmx, sse, sse2, sse3, ssse3, sse4.1, sse4.2, popcnt, avx, aes, clmul, erms, ht, tsc, tscinvbit, tscinv

Memory: 4k page, physical 12476080k(1676000k free), swap 12476080k(50248k free)

vm_info: OpenJDK 64-Bit Server VM (25.152-b02) for windows-amd64 JRE (1.8.0_152-release-1024-b02), built by "builder" with MS VC++ 10.0 (VS2010)

time: Thu Oct 04 15:05:07 2018
elapsed time: 5 seconds (0d 0h 0m 5s)

