#
# There is insufficient memory for the Java Runtime Environment to continue.
# Native memory allocation (malloc) failed to allocate 1285776 bytes for Chunk::new
# Possible reasons:
#   The system is out of physical RAM or swap space
#   In 32 bit mode, the process size limit was hit
# Possible solutions:
#   Reduce memory load on the system
#   Increase physical memory or swap space
#   Check if swap backing store is full
#   Use 64 bit Java on a 64 bit OS
#   Decrease Java heap size (-Xmx/-Xms)
#   Decrease number of Java threads
#   Decrease Java thread stack sizes (-Xss)
#   Set larger code cache with -XX:ReservedCodeCacheSize=
# This output file may be truncated or incomplete.
#
#  Out of Memory Error (allocation.cpp:390), pid=16232, tid=0x0000000000000820
#
# JRE version: OpenJDK Runtime Environment (8.0_152-b02) (build 1.8.0_152-release-1024-b02)
# Java VM: OpenJDK 64-Bit Server VM (25.152-b02 mixed mode windows-amd64 compressed oops)
# Failed to write core dump. Minidumps are not enabled by default on client versions of Windows
#

---------------  T H R E A D  ---------------

Current thread (0x00000000130c9800):  JavaThread "C2 CompilerThread1" daemon [_thread_in_native, id=2080, stack(0x0000000014830000,0x0000000014930000)]

Stack: [0x0000000014830000,0x0000000014930000]
[error occurred during error reporting (printing stack bounds), id 0xc0000005]

Native frames: (J=compiled Java code, j=interpreted, Vv=VM code, C=native code)


Current CompileTask:
C2:   2507  905 %     4       org.objectweb.asm.ClassReader::readCode @ 1313 (3575 bytes)


---------------  P R O C E S S  ---------------

Java Threads: ( => current thread )
  0x0000000014a62800 JavaThread "Service Thread" daemon [_thread_blocked, id=15092, stack(0x0000000014e30000,0x0000000014f30000)]
  0x00000000130d0000 JavaThread "C1 CompilerThread2" daemon [_thread_blocked, id=15800, stack(0x0000000014930000,0x0000000014a30000)]
=>0x00000000130c9800 JavaThread "C2 CompilerThread1" daemon [_thread_in_native, id=2080, stack(0x0000000014830000,0x0000000014930000)]
  0x00000000130c7000 JavaThread "C2 CompilerThread0" daemon [_thread_blocked, id=1784, stack(0x0000000014730000,0x0000000014830000)]
  0x00000000130c3800 JavaThread "Attach Listener" daemon [_thread_blocked, id=7896, stack(0x0000000014630000,0x0000000014730000)]
  0x00000000130c2000 JavaThread "Signal Dispatcher" daemon [_thread_blocked, id=16392, stack(0x0000000014530000,0x0000000014630000)]
  0x00000000130ae000 JavaThread "Finalizer" daemon [_thread_blocked, id=5480, stack(0x0000000014310000,0x0000000014410000)]
  0x0000000002d38000 JavaThread "Reference Handler" daemon [_thread_blocked, id=9936, stack(0x0000000014210000,0x0000000014310000)]
  0x0000000002c47800 JavaThread "main" [_thread_in_Java, id=3708, stack(0x0000000002b40000,0x0000000002c40000)]

Other Threads:
  0x0000000013085000 VMThread [stack: 0x0000000014110000,0x0000000014210000] [id=13732]
  0x0000000014a63000 WatcherThread [stack: 0x0000000014f30000,0x0000000015030000] [id=8172]

VM state:not at safepoint (normal execution)

VM Mutex/Monitor currently owned by a thread:  ([mutex/lock_event])
[0x0000000002c44da0] CompiledIC_lock - owner thread: 0x0000000000000000

Heap:
 PSYoungGen      total 18944K, used 3846K [0x00000000feb00000, 0x0000000100000000, 0x0000000100000000)
  eden space 16384K, 7% used [0x00000000feb00000,0x00000000fec46e90,0x00000000ffb00000)
  from space 2560K, 99% used [0x00000000ffd80000,0x00000000ffffab48,0x0000000100000000)
  to   space 2560K, 0% used [0x00000000ffb00000,0x00000000ffb00000,0x00000000ffd80000)
 ParOldGen       total 44032K, used 5156K [0x00000000fc000000, 0x00000000feb00000, 0x00000000feb00000)
  object space 44032K, 11% used [0x00000000fc000000,0x00000000fc509280,0x00000000feb00000)
 Metaspace       used 8298K, capacity 8560K, committed 8832K, reserved 1056768K
  class space    used 955K, capacity 1070K, committed 1152K, reserved 1048576K

Card table byte_map: [0x00000000028d0000,0x0000000002900000] byte_map_base: 0x00000000020f0000

Marking Bits: (ParMarkBitMap*) 0x0000000074e74970
 Begin Bits: [0x0000000012500000, 0x0000000012600000)
 End Bits:   [0x0000000012600000, 0x0000000012700000)

Polling page: 0x0000000002890000

CodeCache: size=245760Kb used=3661Kb max_used=3661Kb free=242098Kb
 bounds [0x0000000002d40000, 0x00000000030e0000, 0x0000000011d40000]
 total_blobs=1307 nmethods=967 adapters=253
 compilation: enabled

Compilation events (10 events):
Event: 2.445 Thread 0x00000000130d0000 nmethod 942 0x00000000030b6990 code [0x00000000030b6bc0, 0x00000000030b77e8]
Event: 2.445 Thread 0x00000000130d0000  940       3       com.google.devtools.build.android.desugar.TryWithResourcesRewriter::visitMethod (222 bytes)
Event: 2.447 Thread 0x00000000130d0000 nmethod 940 0x00000000030b7ed0 code [0x00000000030b8200, 0x00000000030b9c98]
Event: 2.448 Thread 0x00000000130d0000  941       3       org.objectweb.asm.ClassWriter::visitMethod (20 bytes)
Event: 2.448 Thread 0x00000000130d0000 nmethod 941 0x00000000030b3910 code [0x00000000030b3a80, 0x00000000030b3ca8]
Event: 2.448 Thread 0x00000000130d0000  943       3       com.google.devtools.build.android.desugar.TryWithResourcesRewriter$TryWithResourceVisitor::<init> (36 bytes)
Event: 2.448 Thread 0x00000000130d0000 nmethod 943 0x00000000030b3390 code [0x00000000030b3500, 0x00000000030b37d0]
Event: 2.448 Thread 0x00000000130d0000  944       1       sun.util.calendar.CalendarDate::getYear (5 bytes)
Event: 2.448 Thread 0x00000000130d0000 nmethod 944 0x00000000030b30d0 code [0x00000000030b3220, 0x00000000030b3330]
Event: 2.453 Thread 0x00000000130c7000  945  s    4       java.io.BufferedOutputStream::write (35 bytes)

GC Heap History (3 events):
Event: 1.598 GC heap before
{Heap before GC invocations=1 (full 0):
 PSYoungGen      total 18944K, used 16384K [0x00000000feb00000, 0x0000000100000000, 0x0000000100000000)
  eden space 16384K, 100% used [0x00000000feb00000,0x00000000ffb00000,0x00000000ffb00000)
  from space 2560K, 0% used [0x00000000ffd80000,0x00000000ffd80000,0x0000000100000000)
  to   space 2560K, 0% used [0x00000000ffb00000,0x00000000ffb00000,0x00000000ffd80000)
 ParOldGen       total 44032K, used 0K [0x00000000fc000000, 0x00000000feb00000, 0x00000000feb00000)
  object space 44032K, 0% used [0x00000000fc000000,0x00000000fc000000,0x00000000feb00000)
 Metaspace       used 7177K, capacity 7398K, committed 7680K, reserved 1056768K
  class space    used 853K, capacity 939K, committed 1024K, reserved 1048576K
Event: 1.604 GC heap after
Heap after GC invocations=1 (full 0):
 PSYoungGen      total 18944K, used 2546K [0x00000000feb00000, 0x0000000100000000, 0x0000000100000000)
  eden space 16384K, 0% used [0x00000000feb00000,0x00000000feb00000,0x00000000ffb00000)
  from space 2560K, 99% used [0x00000000ffb00000,0x00000000ffd7ca70,0x00000000ffd80000)
  to   space 2560K, 0% used [0x00000000ffd80000,0x00000000ffd80000,0x0000000100000000)
 ParOldGen       total 44032K, used 1304K [0x00000000fc000000, 0x00000000feb00000, 0x00000000feb00000)
  object space 44032K, 2% used [0x00000000fc000000,0x00000000fc146038,0x00000000feb00000)
 Metaspace       used 7177K, capacity 7398K, committed 7680K, reserved 1056768K
  class space    used 853K, capacity 939K, committed 1024K, reserved 1048576K
}
Event: 2.455 GC heap before
{Heap before GC invocations=2 (full 0):
 PSYoungGen      total 18944K, used 18930K [0x00000000feb00000, 0x0000000100000000, 0x0000000100000000)
  eden space 16384K, 100% used [0x00000000feb00000,0x00000000ffb00000,0x00000000ffb00000)
  from space 2560K, 99% used [0x00000000ffb00000,0x00000000ffd7ca70,0x00000000ffd80000)
  to   space 2560K, 0% used [0x00000000ffd80000,0x00000000ffd80000,0x0000000100000000)
 ParOldGen       total 44032K, used 1304K [0x00000000fc000000, 0x00000000feb00000, 0x00000000feb00000)
  object space 44032K, 2% used [0x00000000fc000000,0x00000000fc146038,0x00000000feb00000)
 Metaspace       used 8278K, capacity 8560K, committed 8832K, reserved 1056768K
  class space    used 955K, capacity 1070K, committed 1152K, reserved 1048576K

Deoptimization events (10 events):
Event: 1.969 Thread 0x0000000002c47800 Uncommon trap: reason=class_check action=maybe_recompile pc=0x0000000002f77990 method=com.google.common.collect.Iterators$7.transform(Ljava/lang/Object;)Ljava/lang/Object; @ 5
Event: 1.969 Thread 0x0000000002c47800 Uncommon trap: reason=class_check action=maybe_recompile pc=0x0000000002f967ec method=com.google.common.collect.TransformedIterator.hasNext()Z @ 4
Event: 1.969 Thread 0x0000000002c47800 Uncommon trap: reason=class_check action=maybe_recompile pc=0x0000000002f967ec method=com.google.common.collect.TransformedIterator.hasNext()Z @ 4
Event: 1.969 Thread 0x0000000002c47800 Uncommon trap: reason=class_check action=maybe_recompile pc=0x0000000002f89ea8 method=com.google.common.collect.TransformedIterator.next()Ljava/lang/Object; @ 5
Event: 1.970 Thread 0x0000000002c47800 Uncommon trap: reason=class_check action=maybe_recompile pc=0x0000000002f77990 method=com.google.common.collect.Iterators$7.transform(Ljava/lang/Object;)Ljava/lang/Object; @ 5
Event: 1.970 Thread 0x0000000002c47800 Uncommon trap: reason=class_check action=maybe_recompile pc=0x0000000002f967ec method=com.google.common.collect.TransformedIterator.hasNext()Z @ 4
Event: 1.970 Thread 0x0000000002c47800 Uncommon trap: reason=class_check action=maybe_recompile pc=0x0000000002f89ea8 method=com.google.common.collect.TransformedIterator.next()Ljava/lang/Object; @ 5
Event: 1.970 Thread 0x0000000002c47800 Uncommon trap: reason=class_check action=maybe_recompile pc=0x0000000002f77990 method=com.google.common.collect.Iterators$7.transform(Ljava/lang/Object;)Ljava/lang/Object; @ 5
Event: 1.970 Thread 0x0000000002c47800 Uncommon trap: reason=class_check action=maybe_recompile pc=0x0000000002f89ea8 method=com.google.common.collect.TransformedIterator.next()Ljava/lang/Object; @ 5
Event: 1.970 Thread 0x0000000002c47800 Uncommon trap: reason=class_check action=maybe_recompile pc=0x0000000002f77990 method=com.google.common.collect.Iterators$7.transform(Ljava/lang/Object;)Ljava/lang/Object; @ 5

Classes redefined (0 events):
No events

Internal exceptions (10 events):
Event: 1.707 Thread 0x0000000002c47800 Exception <a 'sun/nio/fs/WindowsException'> (0x00000000ff286c40) thrown at [D:\src\AOSP-openjdk-cygwin\jdk8u\hotspot\src\share\vm\prims\jni.cpp, line 709]
Event: 1.719 Thread 0x0000000002c47800 Exception <a 'sun/nio/fs/WindowsException'> (0x00000000ff28bbd8) thrown at [D:\src\AOSP-openjdk-cygwin\jdk8u\hotspot\src\share\vm\prims\jni.cpp, line 709]
Event: 1.908 Thread 0x0000000002c47800 Exception <a 'sun/nio/fs/WindowsException'> (0x00000000ff55c7a8) thrown at [D:\src\AOSP-openjdk-cygwin\jdk8u\hotspot\src\share\vm\prims\jni.cpp, line 709]
Event: 1.908 Thread 0x0000000002c47800 Exception <a 'sun/nio/fs/WindowsException'> (0x00000000ff55cd20) thrown at [D:\src\AOSP-openjdk-cygwin\jdk8u\hotspot\src\share\vm\prims\jni.cpp, line 709]
Event: 2.185 Thread 0x0000000002c47800 Exception <a 'sun/nio/fs/WindowsException'> (0x00000000ff7cb248) thrown at [D:\src\AOSP-openjdk-cygwin\jdk8u\hotspot\src\share\vm\prims\jni.cpp, line 709]
Event: 2.185 Thread 0x0000000002c47800 Exception <a 'sun/nio/fs/WindowsException'> (0x00000000ff7cb740) thrown at [D:\src\AOSP-openjdk-cygwin\jdk8u\hotspot\src\share\vm\prims\jni.cpp, line 709]
Event: 2.347 Thread 0x0000000002c47800 Exception <a 'sun/nio/fs/WindowsException'> (0x00000000ff996908) thrown at [D:\src\AOSP-openjdk-cygwin\jdk8u\hotspot\src\share\vm\prims\jni.cpp, line 709]
Event: 2.348 Thread 0x0000000002c47800 Exception <a 'sun/nio/fs/WindowsException'> (0x00000000ff996e00) thrown at [D:\src\AOSP-openjdk-cygwin\jdk8u\hotspot\src\share\vm\prims\jni.cpp, line 709]
Event: 2.392 Thread 0x0000000002c47800 Exception <a 'sun/nio/fs/WindowsException'> (0x00000000ffa16548) thrown at [D:\src\AOSP-openjdk-cygwin\jdk8u\hotspot\src\share\vm\prims\jni.cpp, line 709]
Event: 2.392 Thread 0x0000000002c47800 Exception <a 'sun/nio/fs/WindowsException'> (0x00000000ffa16a40) thrown at [D:\src\AOSP-openjdk-cygwin\jdk8u\hotspot\src\share\vm\prims\jni.cpp, line 709]

Events (10 events):
Event: 2.167 loading class org/objectweb/asm/tree/LabelNode done
Event: 2.168 loading class org/objectweb/asm/tree/JumpInsnNode
Event: 2.168 loading class org/objectweb/asm/tree/JumpInsnNode done
Event: 2.169 loading class org/objectweb/asm/tree/InsnList
Event: 2.169 loading class org/objectweb/asm/tree/InsnList done
Event: 2.174 loading class org/objectweb/asm/Opcodes
Event: 2.174 loading class org/objectweb/asm/Opcodes done
Event: 2.182 loading class java/util/Vector$Itr
Event: 2.182 loading class java/util/Vector$Itr done
Event: 2.455 Executing VM operation: ParallelGCFailedAllocation


Dynamic libraries:
0x00007ff702780000 - 0x00007ff7027b1000 	C:\Program Files\Android\Android Studio\jre\bin\java.exe
0x00007fff1ecd0000 - 0x00007fff1eeb1000 	C:\WINDOWS\SYSTEM32\ntdll.dll
0x00007fff1e330000 - 0x00007fff1e3e2000 	C:\WINDOWS\System32\KERNEL32.DLL
0x00007fff1bd10000 - 0x00007fff1bf83000 	C:\WINDOWS\System32\KERNELBASE.dll
0x00007fff1ebf0000 - 0x00007fff1ec91000 	C:\WINDOWS\System32\ADVAPI32.dll
0x00007fff1e290000 - 0x00007fff1e32e000 	C:\WINDOWS\System32\msvcrt.dll
0x00007fff1e230000 - 0x00007fff1e28b000 	C:\WINDOWS\System32\sechost.dll
0x00007fff1e660000 - 0x00007fff1e784000 	C:\WINDOWS\System32\RPCRT4.dll
0x00007fff1e3f0000 - 0x00007fff1e580000 	C:\WINDOWS\System32\USER32.dll
0x00007fff1c0e0000 - 0x00007fff1c100000 	C:\WINDOWS\System32\win32u.dll
0x00007fff1dce0000 - 0x00007fff1dd08000 	C:\WINDOWS\System32\GDI32.dll
0x00007fff1b0a0000 - 0x00007fff1b232000 	C:\WINDOWS\System32\gdi32full.dll
0x00007fff1b430000 - 0x00007fff1b4cf000 	C:\WINDOWS\System32\msvcp_win.dll
0x00007fff1bfe0000 - 0x00007fff1c0da000 	C:\WINDOWS\System32\ucrtbase.dll
0x00007ffeff430000 - 0x00007ffeff699000 	C:\WINDOWS\WinSxS\amd64_microsoft.windows.common-controls_6595b64144ccf1df_6.0.17134.285_none_fb4297e330656775\COMCTL32.dll
0x00007fff1df00000 - 0x00007fff1e223000 	C:\WINDOWS\System32\combase.dll
0x00007fff1bc90000 - 0x00007fff1bd0a000 	C:\WINDOWS\System32\bcryptPrimitives.dll
0x00007fff1da10000 - 0x00007fff1da3d000 	C:\WINDOWS\System32\IMM32.DLL
0x0000000076970000 - 0x0000000076a42000 	C:\Program Files\Android\Android Studio\jre\jre\bin\msvcr100.dll
0x00000000746b0000 - 0x0000000074eef000 	C:\Program Files\Android\Android Studio\jre\jre\bin\server\jvm.dll
0x00007fff1e580000 - 0x00007fff1e588000 	C:\WINDOWS\System32\PSAPI.DLL
0x00007ffeff6c0000 - 0x00007ffeff6c9000 	C:\WINDOWS\SYSTEM32\WSOCK32.dll
0x00007fff1de90000 - 0x00007fff1defc000 	C:\WINDOWS\System32\WS2_32.dll
0x00007fff18f00000 - 0x00007fff18f23000 	C:\WINDOWS\SYSTEM32\WINMM.dll
0x00007fff0feb0000 - 0x00007fff0feba000 	C:\WINDOWS\SYSTEM32\VERSION.dll
0x00007fff18d60000 - 0x00007fff18d8a000 	C:\WINDOWS\SYSTEM32\winmmbase.dll
0x00007fff1bf90000 - 0x00007fff1bfd9000 	C:\WINDOWS\System32\cfgmgr32.dll
0x00007fff16100000 - 0x00007fff1610f000 	C:\Program Files\Android\Android Studio\jre\jre\bin\verify.dll
0x00007fff0a140000 - 0x00007fff0a169000 	C:\Program Files\Android\Android Studio\jre\jre\bin\java.dll
0x00007fff0e3b0000 - 0x00007fff0e3c6000 	C:\Program Files\Android\Android Studio\jre\jre\bin\zip.dll
0x00007fff1c4e0000 - 0x00007fff1d920000 	C:\WINDOWS\System32\SHELL32.dll
0x00007fff1dd20000 - 0x00007fff1ddc9000 	C:\WINDOWS\System32\shcore.dll
0x00007fff1b580000 - 0x00007fff1bc8d000 	C:\WINDOWS\System32\windows.storage.dll
0x00007fff1dbc0000 - 0x00007fff1dc11000 	C:\WINDOWS\System32\shlwapi.dll
0x00007fff1b080000 - 0x00007fff1b091000 	C:\WINDOWS\System32\kernel.appcore.dll
0x00007fff1b060000 - 0x00007fff1b07f000 	C:\WINDOWS\System32\profapi.dll
0x00007fff1b000000 - 0x00007fff1b04c000 	C:\WINDOWS\System32\powrprof.dll
0x00007fff1b050000 - 0x00007fff1b05a000 	C:\WINDOWS\System32\FLTLIB.DLL
0x00007fff1a9c0000 - 0x00007fff1a9d7000 	C:\WINDOWS\SYSTEM32\CRYPTSP.dll
0x00007fff1a3a0000 - 0x00007fff1a3d3000 	C:\WINDOWS\system32\rsaenh.dll
0x00007fff1aac0000 - 0x00007fff1aae5000 	C:\WINDOWS\SYSTEM32\bcrypt.dll
0x00007fff1aee0000 - 0x00007fff1af08000 	C:\WINDOWS\SYSTEM32\USERENV.dll
0x00007fff1a910000 - 0x00007fff1a91b000 	C:\WINDOWS\SYSTEM32\CRYPTBASE.dll
0x00007fff0de40000 - 0x00007fff0de5a000 	C:\Program Files\Android\Android Studio\jre\jre\bin\net.dll
0x00007fff1a7b0000 - 0x00007fff1a816000 	C:\WINDOWS\system32\mswsock.dll
0x00007fff1a540000 - 0x00007fff1a578000 	C:\WINDOWS\SYSTEM32\IPHLPAPI.DLL
0x00007fff1e790000 - 0x00007fff1e798000 	C:\WINDOWS\System32\NSI.dll
0x00007fff108d0000 - 0x00007fff108e6000 	C:\WINDOWS\SYSTEM32\dhcpcsvc6.DLL
0x00007fff10c90000 - 0x00007fff10caa000 	C:\WINDOWS\SYSTEM32\dhcpcsvc.DLL
0x00007fff0a0f0000 - 0x00007fff0a101000 	C:\Program Files\Android\Android Studio\jre\jre\bin\nio.dll

VM Arguments:
jvm_args: -Djava.awt.headless=true -Xmx64M -Dfile.encoding=windows-1252 -Duser.country=ES -Duser.language=es -Duser.variant 
java_command: com.google.devtools.build.android.desugar.Desugar --verbose --input C:\Projects\TripPlusPlus\app\build\intermediates\transforms\stackFramesFixer\debug\47.jar --output C:\Projects\TripPlusPlus\app\build\intermediates\transforms\desugar\debug\48.jar --input C:\Projects\TripPlusPlus\app\build\intermediates\transforms\stackFramesFixer\debug\9.jar --output C:\Projects\TripPlusPlus\app\build\intermediates\transforms\desugar\debug\10.jar --input C:\Projects\TripPlusPlus\app\build\intermediates\transforms\stackFramesFixer\debug\28.jar --output C:\Projects\TripPlusPlus\app\build\intermediates\transforms\desugar\debug\29.jar --input C:\Projects\TripPlusPlus\app\build\intermediates\transforms\stackFramesFixer\debug\10.jar --output C:\Projects\TripPlusPlus\app\build\intermediates\transforms\desugar\debug\11.jar --input C:\Projects\TripPlusPlus\app\build\intermediates\transforms\stackFramesFixer\debug\21.jar --output C:\Projects\TripPlusPlus\app\build\intermediates\transforms\desugar\debug\22.jar --input C:\Projects\TripPlusPlus\app\build\intermediates\transforms\stackFramesFixer\debug\36.jar --output C:\Projects\TripPlusPlus\app\build\intermediates\transforms\desugar\debug\37.jar --input C:\Projects\TripPlusPlus\app\build\intermediates\transforms\stackFramesFixer\debug\44.jar --output C:\Projects\TripPlusPlus\app\build\intermediates\transforms\desugar\debug\45.jar --input C:\Projects\TripPlusPlus\app\build\intermediates\transforms\stackFramesFixer\debug\7.jar --output C:\Projects\TripPlusPlus\app\build\intermediates\transforms\desugar\debug\8.jar --input C:\Projects\TripPlusPlus\app\build\intermediates\transforms\stackFramesFixer\debug\27.jar --output C:\Projects\TripPlusPlus\app\build\intermediates\transforms\desugar\debug\28.jar --input C:\Projects\TripPlusPlus\app\build\intermediates\transforms\stackFramesFixer\debug\30.jar --output C:\Projects\TripPlusPlus\app\build\intermediates\transforms\desugar\debug\31.jar --input C:\Projects\TripPlusPlus\app\build\inte
java_class_path (initial): C:\Users\Lino P\AppData\Local\Temp\desugar_deploy.jar5190735976828732647
Launcher Type: SUN_STANDARD

Environment Variables:
JAVA_HOME=C:\Program Files\Java\jdk1.8.0_181
CLASSPATH=C:\javalibs\db-derby-10.14.2.0-bin\lib\derby.jar;C:\javalibs\db-derby-10.14.2.0-bin\lib\derbytools.jar;C:\javalibs\junit_4\junit-4.10.jar;C:\javalibs\princeton_algorithms\algs4.jar;C:\javalibs\poi-bin-3.17-20170915\poi-3.17\poi-3.17.jar;
USERNAME=Lino P
OS=Windows_NT
PROCESSOR_IDENTIFIER=Intel64 Family 6 Model 58 Stepping 9, GenuineIntel



---------------  S Y S T E M  ---------------

OS: Windows 10.0 , 64 bit Build 17134 (10.0.17134.1)

CPU:total 4 (initial active 4) (2 cores per cpu, 2 threads per core) family 6 model 58 stepping 9, cmov, cx8, fxsr, mmx, sse, sse2, sse3, ssse3, sse4.1, sse4.2, popcnt, avx, aes, clmul, erms, ht, tsc, tscinvbit, tscinv

Memory: 4k page, physical 12476080k(1699924k free), swap 12476080k(4144k free)

vm_info: OpenJDK 64-Bit Server VM (25.152-b02) for windows-amd64 JRE (1.8.0_152-release-1024-b02), built by "builder" with MS VC++ 10.0 (VS2010)

time: Thu Oct 04 12:45:12 2018
elapsed time: 2 seconds (0d 0h 0m 2s)

